The system is: Linux - 2.6.32_1-16-0-0 - x86_64
Compiling the C compiler identification source file "CMakeCCompilerId.c" succeeded.
Compiler: /usr/bin/cc 
Build flags: 
Id flags: 

The output was:
0


Compilation of the C compiler identification source "CMakeCCompilerId.c" produced "a.out"

The C compiler identification is GNU, found in "/home/disk0/work/ganlu05/source/mini-python/src/struct/CMakeFiles/3.2.2/CompilerIdC/a.out"

Compiling the CXX compiler identification source file "CMakeCXXCompilerId.cpp" succeeded.
Compiler: /opt/compiler/gcc-4.8.2/bin/g++ 
Build flags: -I/home/ssd0/work/ganlu05/kg-compute-seperator//third-64/boost/include;-I/home/work/.jumbo/include
Id flags: 

The output was:
0


Compilation of the CXX compiler identification source "CMakeCXXCompilerId.cpp" produced "a.out"

The CXX compiler identification is GNU, found in "/home/disk0/work/ganlu05/source/mini-python/src/struct/CMakeFiles/3.2.2/CompilerIdCXX/a.out"

Determining if the C compiler works passed with the following output:
Change Dir: /home/disk0/work/ganlu05/source/mini-python/src/struct/CMakeFiles/CMakeTmp

Run Build Command:"/home/work/.jumbo/bin/gmake" "cmTryCompileExec542994128/fast"
/home/work/.jumbo/bin/gmake -f CMakeFiles/cmTryCompileExec542994128.dir/build.make CMakeFiles/cmTryCompileExec542994128.dir/build
gmake[1]: Entering directory `/home/disk0/work/ganlu05/source/mini-python/src/struct/CMakeFiles/CMakeTmp'
/home/work/.jumbo/bin/cmake -E cmake_progress_report /home/disk0/work/ganlu05/source/mini-python/src/struct/CMakeFiles/CMakeTmp/CMakeFiles 1
Building C object CMakeFiles/cmTryCompileExec542994128.dir/testCCompiler.c.o
/usr/bin/cc    -o CMakeFiles/cmTryCompileExec542994128.dir/testCCompiler.c.o   -c /home/disk0/work/ganlu05/source/mini-python/src/struct/CMakeFiles/CMakeTmp/testCCompiler.c
Linking C executable cmTryCompileExec542994128
/home/work/.jumbo/bin/cmake -E cmake_link_script CMakeFiles/cmTryCompileExec542994128.dir/link.txt --verbose=1
/usr/bin/cc       CMakeFiles/cmTryCompileExec542994128.dir/testCCompiler.c.o  -o cmTryCompileExec542994128 -rdynamic 
gmake[1]: Leaving directory `/home/disk0/work/ganlu05/source/mini-python/src/struct/CMakeFiles/CMakeTmp'


Detecting C compiler ABI info compiled with the following output:
Change Dir: /home/disk0/work/ganlu05/source/mini-python/src/struct/CMakeFiles/CMakeTmp

Run Build Command:"/home/work/.jumbo/bin/gmake" "cmTryCompileExec3573652981/fast"
/home/work/.jumbo/bin/gmake -f CMakeFiles/cmTryCompileExec3573652981.dir/build.make CMakeFiles/cmTryCompileExec3573652981.dir/build
gmake[1]: Entering directory `/home/disk0/work/ganlu05/source/mini-python/src/struct/CMakeFiles/CMakeTmp'
/home/work/.jumbo/bin/cmake -E cmake_progress_report /home/disk0/work/ganlu05/source/mini-python/src/struct/CMakeFiles/CMakeTmp/CMakeFiles 1
Building C object CMakeFiles/cmTryCompileExec3573652981.dir/CMakeCCompilerABI.c.o
/usr/bin/cc    -o CMakeFiles/cmTryCompileExec3573652981.dir/CMakeCCompilerABI.c.o   -c /home/work/.jumbo/share/cmake-3.2/Modules/CMakeCCompilerABI.c
Linking C executable cmTryCompileExec3573652981
/home/work/.jumbo/bin/cmake -E cmake_link_script CMakeFiles/cmTryCompileExec3573652981.dir/link.txt --verbose=1
/usr/bin/cc      -v CMakeFiles/cmTryCompileExec3573652981.dir/CMakeCCompilerABI.c.o  -o cmTryCompileExec3573652981 -rdynamic  
Reading specs from /usr/lib/gcc/x86_64-redhat-linux/3.4.5/specs
Configured with: ../configure --prefix=/usr --mandir=/usr/share/man --infodir=/usr/share/info --enable-shared --enable-threads=posix --disable-checking --with-system-zlib --enable-__cxa_atexit --disable-libunwind-exceptions --enable-java-awt=gtk --host=x86_64-redhat-linux
Thread model: posix
gcc version 3.4.5 20051201 (Red Hat 3.4.5-2)
 /usr/libexec/gcc/x86_64-redhat-linux/3.4.5/collect2 --eh-frame-hdr -m elf_x86_64 -export-dynamic -dynamic-linker /lib64/ld-linux-x86-64.so.2 -o cmTryCompileExec3573652981 /usr/lib/gcc/x86_64-redhat-linux/3.4.5/../../../../lib64/crt1.o /usr/lib/gcc/x86_64-redhat-linux/3.4.5/../../../../lib64/crti.o /usr/lib/gcc/x86_64-redhat-linux/3.4.5/crtbegin.o -L/usr/lib/gcc/x86_64-redhat-linux/3.4.5 -L/usr/lib/gcc/x86_64-redhat-linux/3.4.5 -L/usr/lib/gcc/x86_64-redhat-linux/3.4.5/../../../../lib64 -L/usr/lib/gcc/x86_64-redhat-linux/3.4.5/../../.. -L/lib/../lib64 -L/usr/lib/../lib64 CMakeFiles/cmTryCompileExec3573652981.dir/CMakeCCompilerABI.c.o -lgcc --as-needed -lgcc_s --no-as-needed -lc -lgcc --as-needed -lgcc_s --no-as-needed /usr/lib/gcc/x86_64-redhat-linux/3.4.5/crtend.o /usr/lib/gcc/x86_64-redhat-linux/3.4.5/../../../../lib64/crtn.o
gmake[1]: Leaving directory `/home/disk0/work/ganlu05/source/mini-python/src/struct/CMakeFiles/CMakeTmp'


Parsed C implicit link information from above output:
  link line regex: [^( *|.*[/\])(ld|([^/\]+-)?ld|collect2)[^/\]*( |$)]
  ignore line: [Change Dir: /home/disk0/work/ganlu05/source/mini-python/src/struct/CMakeFiles/CMakeTmp]
  ignore line: []
  ignore line: [Run Build Command:"/home/work/.jumbo/bin/gmake" "cmTryCompileExec3573652981/fast"]
  ignore line: [/home/work/.jumbo/bin/gmake -f CMakeFiles/cmTryCompileExec3573652981.dir/build.make CMakeFiles/cmTryCompileExec3573652981.dir/build]
  ignore line: [gmake[1]: Entering directory `/home/disk0/work/ganlu05/source/mini-python/src/struct/CMakeFiles/CMakeTmp']
  ignore line: [/home/work/.jumbo/bin/cmake -E cmake_progress_report /home/disk0/work/ganlu05/source/mini-python/src/struct/CMakeFiles/CMakeTmp/CMakeFiles 1]
  ignore line: [Building C object CMakeFiles/cmTryCompileExec3573652981.dir/CMakeCCompilerABI.c.o]
  ignore line: [/usr/bin/cc    -o CMakeFiles/cmTryCompileExec3573652981.dir/CMakeCCompilerABI.c.o   -c /home/work/.jumbo/share/cmake-3.2/Modules/CMakeCCompilerABI.c]
  ignore line: [Linking C executable cmTryCompileExec3573652981]
  ignore line: [/home/work/.jumbo/bin/cmake -E cmake_link_script CMakeFiles/cmTryCompileExec3573652981.dir/link.txt --verbose=1]
  ignore line: [/usr/bin/cc      -v CMakeFiles/cmTryCompileExec3573652981.dir/CMakeCCompilerABI.c.o  -o cmTryCompileExec3573652981 -rdynamic  ]
  ignore line: [Reading specs from /usr/lib/gcc/x86_64-redhat-linux/3.4.5/specs]
  ignore line: [Configured with: ../configure --prefix=/usr --mandir=/usr/share/man --infodir=/usr/share/info --enable-shared --enable-threads=posix --disable-checking --with-system-zlib --enable-__cxa_atexit --disable-libunwind-exceptions --enable-java-awt=gtk --host=x86_64-redhat-linux]
  ignore line: [Thread model: posix]
  ignore line: [gcc version 3.4.5 20051201 (Red Hat 3.4.5-2)]
  link line: [ /usr/libexec/gcc/x86_64-redhat-linux/3.4.5/collect2 --eh-frame-hdr -m elf_x86_64 -export-dynamic -dynamic-linker /lib64/ld-linux-x86-64.so.2 -o cmTryCompileExec3573652981 /usr/lib/gcc/x86_64-redhat-linux/3.4.5/../../../../lib64/crt1.o /usr/lib/gcc/x86_64-redhat-linux/3.4.5/../../../../lib64/crti.o /usr/lib/gcc/x86_64-redhat-linux/3.4.5/crtbegin.o -L/usr/lib/gcc/x86_64-redhat-linux/3.4.5 -L/usr/lib/gcc/x86_64-redhat-linux/3.4.5 -L/usr/lib/gcc/x86_64-redhat-linux/3.4.5/../../../../lib64 -L/usr/lib/gcc/x86_64-redhat-linux/3.4.5/../../.. -L/lib/../lib64 -L/usr/lib/../lib64 CMakeFiles/cmTryCompileExec3573652981.dir/CMakeCCompilerABI.c.o -lgcc --as-needed -lgcc_s --no-as-needed -lc -lgcc --as-needed -lgcc_s --no-as-needed /usr/lib/gcc/x86_64-redhat-linux/3.4.5/crtend.o /usr/lib/gcc/x86_64-redhat-linux/3.4.5/../../../../lib64/crtn.o]
    arg [/usr/libexec/gcc/x86_64-redhat-linux/3.4.5/collect2] ==> ignore
    arg [--eh-frame-hdr] ==> ignore
    arg [-m] ==> ignore
    arg [elf_x86_64] ==> ignore
    arg [-export-dynamic] ==> ignore
    arg [-dynamic-linker] ==> ignore
    arg [/lib64/ld-linux-x86-64.so.2] ==> ignore
    arg [-o] ==> ignore
    arg [cmTryCompileExec3573652981] ==> ignore
    arg [/usr/lib/gcc/x86_64-redhat-linux/3.4.5/../../../../lib64/crt1.o] ==> ignore
    arg [/usr/lib/gcc/x86_64-redhat-linux/3.4.5/../../../../lib64/crti.o] ==> ignore
    arg [/usr/lib/gcc/x86_64-redhat-linux/3.4.5/crtbegin.o] ==> ignore
    arg [-L/usr/lib/gcc/x86_64-redhat-linux/3.4.5] ==> dir [/usr/lib/gcc/x86_64-redhat-linux/3.4.5]
    arg [-L/usr/lib/gcc/x86_64-redhat-linux/3.4.5] ==> dir [/usr/lib/gcc/x86_64-redhat-linux/3.4.5]
    arg [-L/usr/lib/gcc/x86_64-redhat-linux/3.4.5/../../../../lib64] ==> dir [/usr/lib/gcc/x86_64-redhat-linux/3.4.5/../../../../lib64]
    arg [-L/usr/lib/gcc/x86_64-redhat-linux/3.4.5/../../..] ==> dir [/usr/lib/gcc/x86_64-redhat-linux/3.4.5/../../..]
    arg [-L/lib/../lib64] ==> dir [/lib/../lib64]
    arg [-L/usr/lib/../lib64] ==> dir [/usr/lib/../lib64]
    arg [CMakeFiles/cmTryCompileExec3573652981.dir/CMakeCCompilerABI.c.o] ==> ignore
    arg [-lgcc] ==> lib [gcc]
    arg [--as-needed] ==> ignore
    arg [-lgcc_s] ==> lib [gcc_s]
    arg [--no-as-needed] ==> ignore
    arg [-lc] ==> lib [c]
    arg [-lgcc] ==> lib [gcc]
    arg [--as-needed] ==> ignore
    arg [-lgcc_s] ==> lib [gcc_s]
    arg [--no-as-needed] ==> ignore
    arg [/usr/lib/gcc/x86_64-redhat-linux/3.4.5/crtend.o] ==> ignore
    arg [/usr/lib/gcc/x86_64-redhat-linux/3.4.5/../../../../lib64/crtn.o] ==> ignore
  remove lib [gcc]
  remove lib [gcc_s]
  remove lib [gcc]
  remove lib [gcc_s]
  collapse library dir [/usr/lib/gcc/x86_64-redhat-linux/3.4.5] ==> [/usr/lib/gcc/x86_64-redhat-linux/3.4.5]
  collapse library dir [/usr/lib/gcc/x86_64-redhat-linux/3.4.5] ==> [/usr/lib/gcc/x86_64-redhat-linux/3.4.5]
  collapse library dir [/usr/lib/gcc/x86_64-redhat-linux/3.4.5/../../../../lib64] ==> [/usr/lib64]
  collapse library dir [/usr/lib/gcc/x86_64-redhat-linux/3.4.5/../../..] ==> [/usr/lib]
  collapse library dir [/lib/../lib64] ==> [/lib64]
  collapse library dir [/usr/lib/../lib64] ==> [/usr/lib64]
  implicit libs: [c]
  implicit dirs: [/usr/lib/gcc/x86_64-redhat-linux/3.4.5;/usr/lib64;/usr/lib;/lib64]
  implicit fwks: []


Determining if the CXX compiler works passed with the following output:
Change Dir: /home/disk0/work/ganlu05/source/mini-python/src/struct/CMakeFiles/CMakeTmp

Run Build Command:"/home/work/.jumbo/bin/gmake" "cmTryCompileExec4063380860/fast"
/home/work/.jumbo/bin/gmake -f CMakeFiles/cmTryCompileExec4063380860.dir/build.make CMakeFiles/cmTryCompileExec4063380860.dir/build
gmake[1]: Entering directory `/home/disk0/work/ganlu05/source/mini-python/src/struct/CMakeFiles/CMakeTmp'
/home/work/.jumbo/bin/cmake -E cmake_progress_report /home/disk0/work/ganlu05/source/mini-python/src/struct/CMakeFiles/CMakeTmp/CMakeFiles 1
Building CXX object CMakeFiles/cmTryCompileExec4063380860.dir/testCXXCompiler.cxx.o
/opt/compiler/gcc-4.8.2/bin/g++    -I/home/ssd0/work/ganlu05/kg-compute-seperator//third-64/boost/include -I/home/work/.jumbo/include     -o CMakeFiles/cmTryCompileExec4063380860.dir/testCXXCompiler.cxx.o -c /home/disk0/work/ganlu05/source/mini-python/src/struct/CMakeFiles/CMakeTmp/testCXXCompiler.cxx
Linking CXX executable cmTryCompileExec4063380860
/home/work/.jumbo/bin/cmake -E cmake_link_script CMakeFiles/cmTryCompileExec4063380860.dir/link.txt --verbose=1
/opt/compiler/gcc-4.8.2/bin/g++   -I/home/ssd0/work/ganlu05/kg-compute-seperator//third-64/boost/include -I/home/work/.jumbo/include      CMakeFiles/cmTryCompileExec4063380860.dir/testCXXCompiler.cxx.o  -o cmTryCompileExec4063380860 -rdynamic 
gmake[1]: Leaving directory `/home/disk0/work/ganlu05/source/mini-python/src/struct/CMakeFiles/CMakeTmp'


Detecting CXX compiler ABI info compiled with the following output:
Change Dir: /home/disk0/work/ganlu05/source/mini-python/src/struct/CMakeFiles/CMakeTmp

Run Build Command:"/home/work/.jumbo/bin/gmake" "cmTryCompileExec1148377050/fast"
/home/work/.jumbo/bin/gmake -f CMakeFiles/cmTryCompileExec1148377050.dir/build.make CMakeFiles/cmTryCompileExec1148377050.dir/build
gmake[1]: Entering directory `/home/disk0/work/ganlu05/source/mini-python/src/struct/CMakeFiles/CMakeTmp'
/home/work/.jumbo/bin/cmake -E cmake_progress_report /home/disk0/work/ganlu05/source/mini-python/src/struct/CMakeFiles/CMakeTmp/CMakeFiles 1
Building CXX object CMakeFiles/cmTryCompileExec1148377050.dir/CMakeCXXCompilerABI.cpp.o
/opt/compiler/gcc-4.8.2/bin/g++    -I/home/ssd0/work/ganlu05/kg-compute-seperator//third-64/boost/include -I/home/work/.jumbo/include     -o CMakeFiles/cmTryCompileExec1148377050.dir/CMakeCXXCompilerABI.cpp.o -c /home/work/.jumbo/share/cmake-3.2/Modules/CMakeCXXCompilerABI.cpp
Linking CXX executable cmTryCompileExec1148377050
/home/work/.jumbo/bin/cmake -E cmake_link_script CMakeFiles/cmTryCompileExec1148377050.dir/link.txt --verbose=1
/opt/compiler/gcc-4.8.2/bin/g++   -I/home/ssd0/work/ganlu05/kg-compute-seperator//third-64/boost/include -I/home/work/.jumbo/include     -v CMakeFiles/cmTryCompileExec1148377050.dir/CMakeCXXCompilerABI.cpp.o  -o cmTryCompileExec1148377050 -rdynamic  
Reading specs from /home/opt/gcc-4.8.2.bpkg-r2/gcc-4.8.2.bpkg-r2/sbin/../lib/gcc/x86_64-baidu-linux-gnu/4.8.2/specs
COLLECT_GCC=/opt/compiler/gcc-4.8.2/bin/g++
COLLECT_LTO_WRAPPER=/home/opt/gcc-4.8.2.bpkg-r2/gcc-4.8.2.bpkg-r2/sbin/../libexec/gcc/x86_64-baidu-linux-gnu/4.8.2/lto-wrapper
Target: x86_64-baidu-linux-gnu
Configured with: ../configure CFLAGS=-O2 --host=x86_64-baidu-linux-gnu --target=x86_64-baidu-linux-gnu --prefix=/top --with-sysroot --with-local-prefix=/ --with-native-system-header-dir=/top/include --with-build-sysroot=/top --with-system-libunwind --enable-languages=c,c++ --enable-c99 --enable-threads=posix --enable-__cxa_atexit --enable-libstdcxx-allocator --enable-libstdcxx-threads --enable-libstdcxx-time --enable-libstdcxx-visibility --disable-multilib --disable-bootstrap
Thread model: posix
gcc version 4.8.2 (GCC) 
COMPILER_PATH=/home/opt/gcc-4.8.2.bpkg-r2/gcc-4.8.2.bpkg-r2/sbin/../libexec/gcc/x86_64-baidu-linux-gnu/4.8.2/:/home/opt/gcc-4.8.2.bpkg-r2/gcc-4.8.2.bpkg-r2/sbin/../libexec/gcc/:/home/opt/gcc-4.8.2.bpkg-r2/gcc-4.8.2.bpkg-r2/sbin/../lib/gcc/x86_64-baidu-linux-gnu/4.8.2/../../../../x86_64-baidu-linux-gnu/bin/
LIBRARY_PATH=/home/opt/gcc-4.8.2.bpkg-r2/gcc-4.8.2.bpkg-r2/sbin/../lib/gcc/x86_64-baidu-linux-gnu/4.8.2/:/home/opt/gcc-4.8.2.bpkg-r2/gcc-4.8.2.bpkg-r2/sbin/../lib/gcc/:/home/opt/gcc-4.8.2.bpkg-r2/gcc-4.8.2.bpkg-r2/sbin/../lib/gcc/x86_64-baidu-linux-gnu/4.8.2/../../../../lib64/:/home/opt/gcc-4.8.2.bpkg-r2/gcc-4.8.2.bpkg-r2/sbin/../x86_64-baidu-linux-gnu/sys-root/lib/../lib64/:/home/opt/gcc-4.8.2.bpkg-r2/gcc-4.8.2.bpkg-r2/sbin/../x86_64-baidu-linux-gnu/sys-root/usr/lib/../lib64/:/home/opt/gcc-4.8.2.bpkg-r2/gcc-4.8.2.bpkg-r2/sbin/../lib/gcc/x86_64-baidu-linux-gnu/4.8.2/../../../../x86_64-baidu-linux-gnu/lib/:/home/opt/gcc-4.8.2.bpkg-r2/gcc-4.8.2.bpkg-r2/sbin/../lib/gcc/x86_64-baidu-linux-gnu/4.8.2/../../../:/home/opt/gcc-4.8.2.bpkg-r2/gcc-4.8.2.bpkg-r2/sbin/../x86_64-baidu-linux-gnu/sys-root/lib/:/home/opt/gcc-4.8.2.bpkg-r2/gcc-4.8.2.bpkg-r2/sbin/../x86_64-baidu-linux-gnu/sys-root/usr/lib/
COLLECT_GCC_OPTIONS='-I' '/home/ssd0/work/ganlu05/kg-compute-seperator//third-64/boost/include' '-I' '/home/work/.jumbo/include' '-v' '-o' 'cmTryCompileExec1148377050' '-rdynamic' '-shared-libgcc' '-mtune=generic' '-march=x86-64'
 /home/opt/gcc-4.8.2.bpkg-r2/gcc-4.8.2.bpkg-r2/sbin/../libexec/gcc/x86_64-baidu-linux-gnu/4.8.2/collect2 -rpath $ORIGIN:$ORIGIN/lib:$ORIGIN/lib64:$ORIGIN/../lib:$ORIGIN/../lib64:/opt/compiler/gcc-4.8.2/lib:/opt/compiler/gcc-4.8.2/lib64 --sysroot=/home/opt/gcc-4.8.2.bpkg-r2/gcc-4.8.2.bpkg-r2/sbin/../x86_64-baidu-linux-gnu/sys-root --eh-frame-hdr -m elf_x86_64 -export-dynamic -dynamic-linker /opt/compiler/gcc-4.8.2/lib64/ld-linux-x86-64.so.2 -o cmTryCompileExec1148377050 /home/opt/gcc-4.8.2.bpkg-r2/gcc-4.8.2.bpkg-r2/sbin/../lib/gcc/x86_64-baidu-linux-gnu/4.8.2/../../../../lib64/crt1.o /home/opt/gcc-4.8.2.bpkg-r2/gcc-4.8.2.bpkg-r2/sbin/../lib/gcc/x86_64-baidu-linux-gnu/4.8.2/../../../../lib64/crti.o /home/opt/gcc-4.8.2.bpkg-r2/gcc-4.8.2.bpkg-r2/sbin/../lib/gcc/x86_64-baidu-linux-gnu/4.8.2/crtbegin.o -L/home/opt/gcc-4.8.2.bpkg-r2/gcc-4.8.2.bpkg-r2/sbin/../lib/gcc/x86_64-baidu-linux-gnu/4.8.2 -L/home/opt/gcc-4.8.2.bpkg-r2/gcc-4.8.2.bpkg-r2/sbin/../lib/gcc -L/home/opt/gcc-4.8.2.bpkg-r2/gcc-4.8.2.bpkg-r2/sbin/../lib/gcc/x86_64-baidu-linux-gnu/4.8.2/../../../../lib64 -L/home/opt/gcc-4.8.2.bpkg-r2/gcc-4.8.2.bpkg-r2/sbin/../x86_64-baidu-linux-gnu/sys-root/lib/../lib64 -L/home/opt/gcc-4.8.2.bpkg-r2/gcc-4.8.2.bpkg-r2/sbin/../x86_64-baidu-linux-gnu/sys-root/usr/lib/../lib64 -L/home/opt/gcc-4.8.2.bpkg-r2/gcc-4.8.2.bpkg-r2/sbin/../lib/gcc/x86_64-baidu-linux-gnu/4.8.2/../../../../x86_64-baidu-linux-gnu/lib -L/home/opt/gcc-4.8.2.bpkg-r2/gcc-4.8.2.bpkg-r2/sbin/../lib/gcc/x86_64-baidu-linux-gnu/4.8.2/../../.. -L/home/opt/gcc-4.8.2.bpkg-r2/gcc-4.8.2.bpkg-r2/sbin/../x86_64-baidu-linux-gnu/sys-root/lib -L/home/opt/gcc-4.8.2.bpkg-r2/gcc-4.8.2.bpkg-r2/sbin/../x86_64-baidu-linux-gnu/sys-root/usr/lib CMakeFiles/cmTryCompileExec1148377050.dir/CMakeCXXCompilerABI.cpp.o -lstdc++ -lm -lgcc_s -lgcc -lc -lgcc_s -lgcc /home/opt/gcc-4.8.2.bpkg-r2/gcc-4.8.2.bpkg-r2/sbin/../lib/gcc/x86_64-baidu-linux-gnu/4.8.2/crtend.o /home/opt/gcc-4.8.2.bpkg-r2/gcc-4.8.2.bpkg-r2/sbin/../lib/gcc/x86_64-baidu-linux-gnu/4.8.2/../../../../lib64/crtn.o
gmake[1]: Leaving directory `/home/disk0/work/ganlu05/source/mini-python/src/struct/CMakeFiles/CMakeTmp'


Parsed CXX implicit link information from above output:
  link line regex: [^( *|.*[/\])(ld|([^/\]+-)?ld|collect2)[^/\]*( |$)]
  ignore line: [Change Dir: /home/disk0/work/ganlu05/source/mini-python/src/struct/CMakeFiles/CMakeTmp]
  ignore line: []
  ignore line: [Run Build Command:"/home/work/.jumbo/bin/gmake" "cmTryCompileExec1148377050/fast"]
  ignore line: [/home/work/.jumbo/bin/gmake -f CMakeFiles/cmTryCompileExec1148377050.dir/build.make CMakeFiles/cmTryCompileExec1148377050.dir/build]
  ignore line: [gmake[1]: Entering directory `/home/disk0/work/ganlu05/source/mini-python/src/struct/CMakeFiles/CMakeTmp']
  ignore line: [/home/work/.jumbo/bin/cmake -E cmake_progress_report /home/disk0/work/ganlu05/source/mini-python/src/struct/CMakeFiles/CMakeTmp/CMakeFiles 1]
  ignore line: [Building CXX object CMakeFiles/cmTryCompileExec1148377050.dir/CMakeCXXCompilerABI.cpp.o]
  ignore line: [/opt/compiler/gcc-4.8.2/bin/g++    -I/home/ssd0/work/ganlu05/kg-compute-seperator//third-64/boost/include -I/home/work/.jumbo/include     -o CMakeFiles/cmTryCompileExec1148377050.dir/CMakeCXXCompilerABI.cpp.o -c /home/work/.jumbo/share/cmake-3.2/Modules/CMakeCXXCompilerABI.cpp]
  ignore line: [Linking CXX executable cmTryCompileExec1148377050]
  ignore line: [/home/work/.jumbo/bin/cmake -E cmake_link_script CMakeFiles/cmTryCompileExec1148377050.dir/link.txt --verbose=1]
  ignore line: [/opt/compiler/gcc-4.8.2/bin/g++   -I/home/ssd0/work/ganlu05/kg-compute-seperator//third-64/boost/include -I/home/work/.jumbo/include     -v CMakeFiles/cmTryCompileExec1148377050.dir/CMakeCXXCompilerABI.cpp.o  -o cmTryCompileExec1148377050 -rdynamic  ]
  ignore line: [Reading specs from /home/opt/gcc-4.8.2.bpkg-r2/gcc-4.8.2.bpkg-r2/sbin/../lib/gcc/x86_64-baidu-linux-gnu/4.8.2/specs]
  ignore line: [COLLECT_GCC=/opt/compiler/gcc-4.8.2/bin/g++]
  ignore line: [COLLECT_LTO_WRAPPER=/home/opt/gcc-4.8.2.bpkg-r2/gcc-4.8.2.bpkg-r2/sbin/../libexec/gcc/x86_64-baidu-linux-gnu/4.8.2/lto-wrapper]
  ignore line: [Target: x86_64-baidu-linux-gnu]
  ignore line: [Configured with: ../configure CFLAGS=-O2 --host=x86_64-baidu-linux-gnu --target=x86_64-baidu-linux-gnu --prefix=/top --with-sysroot --with-local-prefix=/ --with-native-system-header-dir=/top/include --with-build-sysroot=/top --with-system-libunwind --enable-languages=c,c++ --enable-c99 --enable-threads=posix --enable-__cxa_atexit --enable-libstdcxx-allocator --enable-libstdcxx-threads --enable-libstdcxx-time --enable-libstdcxx-visibility --disable-multilib --disable-bootstrap]
  ignore line: [Thread model: posix]
  ignore line: [gcc version 4.8.2 (GCC) ]
  ignore line: [COMPILER_PATH=/home/opt/gcc-4.8.2.bpkg-r2/gcc-4.8.2.bpkg-r2/sbin/../libexec/gcc/x86_64-baidu-linux-gnu/4.8.2/:/home/opt/gcc-4.8.2.bpkg-r2/gcc-4.8.2.bpkg-r2/sbin/../libexec/gcc/:/home/opt/gcc-4.8.2.bpkg-r2/gcc-4.8.2.bpkg-r2/sbin/../lib/gcc/x86_64-baidu-linux-gnu/4.8.2/../../../../x86_64-baidu-linux-gnu/bin/]
  ignore line: [LIBRARY_PATH=/home/opt/gcc-4.8.2.bpkg-r2/gcc-4.8.2.bpkg-r2/sbin/../lib/gcc/x86_64-baidu-linux-gnu/4.8.2/:/home/opt/gcc-4.8.2.bpkg-r2/gcc-4.8.2.bpkg-r2/sbin/../lib/gcc/:/home/opt/gcc-4.8.2.bpkg-r2/gcc-4.8.2.bpkg-r2/sbin/../lib/gcc/x86_64-baidu-linux-gnu/4.8.2/../../../../lib64/:/home/opt/gcc-4.8.2.bpkg-r2/gcc-4.8.2.bpkg-r2/sbin/../x86_64-baidu-linux-gnu/sys-root/lib/../lib64/:/home/opt/gcc-4.8.2.bpkg-r2/gcc-4.8.2.bpkg-r2/sbin/../x86_64-baidu-linux-gnu/sys-root/usr/lib/../lib64/:/home/opt/gcc-4.8.2.bpkg-r2/gcc-4.8.2.bpkg-r2/sbin/../lib/gcc/x86_64-baidu-linux-gnu/4.8.2/../../../../x86_64-baidu-linux-gnu/lib/:/home/opt/gcc-4.8.2.bpkg-r2/gcc-4.8.2.bpkg-r2/sbin/../lib/gcc/x86_64-baidu-linux-gnu/4.8.2/../../../:/home/opt/gcc-4.8.2.bpkg-r2/gcc-4.8.2.bpkg-r2/sbin/../x86_64-baidu-linux-gnu/sys-root/lib/:/home/opt/gcc-4.8.2.bpkg-r2/gcc-4.8.2.bpkg-r2/sbin/../x86_64-baidu-linux-gnu/sys-root/usr/lib/]
  ignore line: [COLLECT_GCC_OPTIONS='-I' '/home/ssd0/work/ganlu05/kg-compute-seperator//third-64/boost/include' '-I' '/home/work/.jumbo/include' '-v' '-o' 'cmTryCompileExec1148377050' '-rdynamic' '-shared-libgcc' '-mtune=generic' '-march=x86-64']
  link line: [ /home/opt/gcc-4.8.2.bpkg-r2/gcc-4.8.2.bpkg-r2/sbin/../libexec/gcc/x86_64-baidu-linux-gnu/4.8.2/collect2 -rpath $ORIGIN:$ORIGIN/lib:$ORIGIN/lib64:$ORIGIN/../lib:$ORIGIN/../lib64:/opt/compiler/gcc-4.8.2/lib:/opt/compiler/gcc-4.8.2/lib64 --sysroot=/home/opt/gcc-4.8.2.bpkg-r2/gcc-4.8.2.bpkg-r2/sbin/../x86_64-baidu-linux-gnu/sys-root --eh-frame-hdr -m elf_x86_64 -export-dynamic -dynamic-linker /opt/compiler/gcc-4.8.2/lib64/ld-linux-x86-64.so.2 -o cmTryCompileExec1148377050 /home/opt/gcc-4.8.2.bpkg-r2/gcc-4.8.2.bpkg-r2/sbin/../lib/gcc/x86_64-baidu-linux-gnu/4.8.2/../../../../lib64/crt1.o /home/opt/gcc-4.8.2.bpkg-r2/gcc-4.8.2.bpkg-r2/sbin/../lib/gcc/x86_64-baidu-linux-gnu/4.8.2/../../../../lib64/crti.o /home/opt/gcc-4.8.2.bpkg-r2/gcc-4.8.2.bpkg-r2/sbin/../lib/gcc/x86_64-baidu-linux-gnu/4.8.2/crtbegin.o -L/home/opt/gcc-4.8.2.bpkg-r2/gcc-4.8.2.bpkg-r2/sbin/../lib/gcc/x86_64-baidu-linux-gnu/4.8.2 -L/home/opt/gcc-4.8.2.bpkg-r2/gcc-4.8.2.bpkg-r2/sbin/../lib/gcc -L/home/opt/gcc-4.8.2.bpkg-r2/gcc-4.8.2.bpkg-r2/sbin/../lib/gcc/x86_64-baidu-linux-gnu/4.8.2/../../../../lib64 -L/home/opt/gcc-4.8.2.bpkg-r2/gcc-4.8.2.bpkg-r2/sbin/../x86_64-baidu-linux-gnu/sys-root/lib/../lib64 -L/home/opt/gcc-4.8.2.bpkg-r2/gcc-4.8.2.bpkg-r2/sbin/../x86_64-baidu-linux-gnu/sys-root/usr/lib/../lib64 -L/home/opt/gcc-4.8.2.bpkg-r2/gcc-4.8.2.bpkg-r2/sbin/../lib/gcc/x86_64-baidu-linux-gnu/4.8.2/../../../../x86_64-baidu-linux-gnu/lib -L/home/opt/gcc-4.8.2.bpkg-r2/gcc-4.8.2.bpkg-r2/sbin/../lib/gcc/x86_64-baidu-linux-gnu/4.8.2/../../.. -L/home/opt/gcc-4.8.2.bpkg-r2/gcc-4.8.2.bpkg-r2/sbin/../x86_64-baidu-linux-gnu/sys-root/lib -L/home/opt/gcc-4.8.2.bpkg-r2/gcc-4.8.2.bpkg-r2/sbin/../x86_64-baidu-linux-gnu/sys-root/usr/lib CMakeFiles/cmTryCompileExec1148377050.dir/CMakeCXXCompilerABI.cpp.o -lstdc++ -lm -lgcc_s -lgcc -lc -lgcc_s -lgcc /home/opt/gcc-4.8.2.bpkg-r2/gcc-4.8.2.bpkg-r2/sbin/../lib/gcc/x86_64-baidu-linux-gnu/4.8.2/crtend.o /home/opt/gcc-4.8.2.bpkg-r2/gcc-4.8.2.bpkg-r2/sbin/../lib/gcc/x86_64-baidu-linux-gnu/4.8.2/../../../../lib64/crtn.o]
    arg [/home/opt/gcc-4.8.2.bpkg-r2/gcc-4.8.2.bpkg-r2/sbin/../libexec/gcc/x86_64-baidu-linux-gnu/4.8.2/collect2] ==> ignore
    arg [-rpath] ==> ignore
    arg [$ORIGIN:$ORIGIN/lib:$ORIGIN/lib64:$ORIGIN/../lib:$ORIGIN/../lib64:/opt/compiler/gcc-4.8.2/lib:/opt/compiler/gcc-4.8.2/lib64] ==> ignore
    arg [--sysroot=/home/opt/gcc-4.8.2.bpkg-r2/gcc-4.8.2.bpkg-r2/sbin/../x86_64-baidu-linux-gnu/sys-root] ==> ignore
    arg [--eh-frame-hdr] ==> ignore
    arg [-m] ==> ignore
    arg [elf_x86_64] ==> ignore
    arg [-export-dynamic] ==> ignore
    arg [-dynamic-linker] ==> ignore
    arg [/opt/compiler/gcc-4.8.2/lib64/ld-linux-x86-64.so.2] ==> ignore
    arg [-o] ==> ignore
    arg [cmTryCompileExec1148377050] ==> ignore
    arg [/home/opt/gcc-4.8.2.bpkg-r2/gcc-4.8.2.bpkg-r2/sbin/../lib/gcc/x86_64-baidu-linux-gnu/4.8.2/../../../../lib64/crt1.o] ==> ignore
    arg [/home/opt/gcc-4.8.2.bpkg-r2/gcc-4.8.2.bpkg-r2/sbin/../lib/gcc/x86_64-baidu-linux-gnu/4.8.2/../../../../lib64/crti.o] ==> ignore
    arg [/home/opt/gcc-4.8.2.bpkg-r2/gcc-4.8.2.bpkg-r2/sbin/../lib/gcc/x86_64-baidu-linux-gnu/4.8.2/crtbegin.o] ==> ignore
    arg [-L/home/opt/gcc-4.8.2.bpkg-r2/gcc-4.8.2.bpkg-r2/sbin/../lib/gcc/x86_64-baidu-linux-gnu/4.8.2] ==> dir [/home/opt/gcc-4.8.2.bpkg-r2/gcc-4.8.2.bpkg-r2/sbin/../lib/gcc/x86_64-baidu-linux-gnu/4.8.2]
    arg [-L/home/opt/gcc-4.8.2.bpkg-r2/gcc-4.8.2.bpkg-r2/sbin/../lib/gcc] ==> dir [/home/opt/gcc-4.8.2.bpkg-r2/gcc-4.8.2.bpkg-r2/sbin/../lib/gcc]
    arg [-L/home/opt/gcc-4.8.2.bpkg-r2/gcc-4.8.2.bpkg-r2/sbin/../lib/gcc/x86_64-baidu-linux-gnu/4.8.2/../../../../lib64] ==> dir [/home/opt/gcc-4.8.2.bpkg-r2/gcc-4.8.2.bpkg-r2/sbin/../lib/gcc/x86_64-baidu-linux-gnu/4.8.2/../../../../lib64]
    arg [-L/home/opt/gcc-4.8.2.bpkg-r2/gcc-4.8.2.bpkg-r2/sbin/../x86_64-baidu-linux-gnu/sys-root/lib/../lib64] ==> dir [/home/opt/gcc-4.8.2.bpkg-r2/gcc-4.8.2.bpkg-r2/sbin/../x86_64-baidu-linux-gnu/sys-root/lib/../lib64]
    arg [-L/home/opt/gcc-4.8.2.bpkg-r2/gcc-4.8.2.bpkg-r2/sbin/../x86_64-baidu-linux-gnu/sys-root/usr/lib/../lib64] ==> dir [/home/opt/gcc-4.8.2.bpkg-r2/gcc-4.8.2.bpkg-r2/sbin/../x86_64-baidu-linux-gnu/sys-root/usr/lib/../lib64]
    arg [-L/home/opt/gcc-4.8.2.bpkg-r2/gcc-4.8.2.bpkg-r2/sbin/../lib/gcc/x86_64-baidu-linux-gnu/4.8.2/../../../../x86_64-baidu-linux-gnu/lib] ==> dir [/home/opt/gcc-4.8.2.bpkg-r2/gcc-4.8.2.bpkg-r2/sbin/../lib/gcc/x86_64-baidu-linux-gnu/4.8.2/../../../../x86_64-baidu-linux-gnu/lib]
    arg [-L/home/opt/gcc-4.8.2.bpkg-r2/gcc-4.8.2.bpkg-r2/sbin/../lib/gcc/x86_64-baidu-linux-gnu/4.8.2/../../..] ==> dir [/home/opt/gcc-4.8.2.bpkg-r2/gcc-4.8.2.bpkg-r2/sbin/../lib/gcc/x86_64-baidu-linux-gnu/4.8.2/../../..]
    arg [-L/home/opt/gcc-4.8.2.bpkg-r2/gcc-4.8.2.bpkg-r2/sbin/../x86_64-baidu-linux-gnu/sys-root/lib] ==> dir [/home/opt/gcc-4.8.2.bpkg-r2/gcc-4.8.2.bpkg-r2/sbin/../x86_64-baidu-linux-gnu/sys-root/lib]
    arg [-L/home/opt/gcc-4.8.2.bpkg-r2/gcc-4.8.2.bpkg-r2/sbin/../x86_64-baidu-linux-gnu/sys-root/usr/lib] ==> dir [/home/opt/gcc-4.8.2.bpkg-r2/gcc-4.8.2.bpkg-r2/sbin/../x86_64-baidu-linux-gnu/sys-root/usr/lib]
    arg [CMakeFiles/cmTryCompileExec1148377050.dir/CMakeCXXCompilerABI.cpp.o] ==> ignore
    arg [-lstdc++] ==> lib [stdc++]
    arg [-lm] ==> lib [m]
    arg [-lgcc_s] ==> lib [gcc_s]
    arg [-lgcc] ==> lib [gcc]
    arg [-lc] ==> lib [c]
    arg [-lgcc_s] ==> lib [gcc_s]
    arg [-lgcc] ==> lib [gcc]
    arg [/home/opt/gcc-4.8.2.bpkg-r2/gcc-4.8.2.bpkg-r2/sbin/../lib/gcc/x86_64-baidu-linux-gnu/4.8.2/crtend.o] ==> ignore
    arg [/home/opt/gcc-4.8.2.bpkg-r2/gcc-4.8.2.bpkg-r2/sbin/../lib/gcc/x86_64-baidu-linux-gnu/4.8.2/../../../../lib64/crtn.o] ==> ignore
  remove lib [gcc_s]
  remove lib [gcc]
  remove lib [gcc_s]
  remove lib [gcc]
  collapse library dir [/home/opt/gcc-4.8.2.bpkg-r2/gcc-4.8.2.bpkg-r2/sbin/../lib/gcc/x86_64-baidu-linux-gnu/4.8.2] ==> [/home/opt/gcc-4.8.2.bpkg-r2/gcc-4.8.2.bpkg-r2/lib/gcc/x86_64-baidu-linux-gnu/4.8.2]
  collapse library dir [/home/opt/gcc-4.8.2.bpkg-r2/gcc-4.8.2.bpkg-r2/sbin/../lib/gcc] ==> [/home/opt/gcc-4.8.2.bpkg-r2/gcc-4.8.2.bpkg-r2/lib/gcc]
  collapse library dir [/home/opt/gcc-4.8.2.bpkg-r2/gcc-4.8.2.bpkg-r2/sbin/../lib/gcc/x86_64-baidu-linux-gnu/4.8.2/../../../../lib64] ==> [/home/opt/gcc-4.8.2.bpkg-r2/gcc-4.8.2.bpkg-r2/lib64]
  collapse library dir [/home/opt/gcc-4.8.2.bpkg-r2/gcc-4.8.2.bpkg-r2/sbin/../x86_64-baidu-linux-gnu/sys-root/lib/../lib64] ==> [/home/opt/gcc-4.8.2.bpkg-r2/gcc-4.8.2.bpkg-r2/x86_64-baidu-linux-gnu/sys-root/lib64]
  collapse library dir [/home/opt/gcc-4.8.2.bpkg-r2/gcc-4.8.2.bpkg-r2/sbin/../x86_64-baidu-linux-gnu/sys-root/usr/lib/../lib64] ==> [/home/opt/gcc-4.8.2.bpkg-r2/gcc-4.8.2.bpkg-r2/x86_64-baidu-linux-gnu/sys-root/usr/lib64]
  collapse library dir [/home/opt/gcc-4.8.2.bpkg-r2/gcc-4.8.2.bpkg-r2/sbin/../lib/gcc/x86_64-baidu-linux-gnu/4.8.2/../../../../x86_64-baidu-linux-gnu/lib] ==> [/home/opt/gcc-4.8.2.bpkg-r2/gcc-4.8.2.bpkg-r2/x86_64-baidu-linux-gnu/lib]
  collapse library dir [/home/opt/gcc-4.8.2.bpkg-r2/gcc-4.8.2.bpkg-r2/sbin/../lib/gcc/x86_64-baidu-linux-gnu/4.8.2/../../..] ==> [/home/opt/gcc-4.8.2.bpkg-r2/gcc-4.8.2.bpkg-r2/lib]
  collapse library dir [/home/opt/gcc-4.8.2.bpkg-r2/gcc-4.8.2.bpkg-r2/sbin/../x86_64-baidu-linux-gnu/sys-root/lib] ==> [/home/opt/gcc-4.8.2.bpkg-r2/gcc-4.8.2.bpkg-r2/x86_64-baidu-linux-gnu/sys-root/lib]
  collapse library dir [/home/opt/gcc-4.8.2.bpkg-r2/gcc-4.8.2.bpkg-r2/sbin/../x86_64-baidu-linux-gnu/sys-root/usr/lib] ==> [/home/opt/gcc-4.8.2.bpkg-r2/gcc-4.8.2.bpkg-r2/x86_64-baidu-linux-gnu/sys-root/usr/lib]
  implicit libs: [stdc++;m;c]
  implicit dirs: [/home/opt/gcc-4.8.2.bpkg-r2/gcc-4.8.2.bpkg-r2/lib/gcc/x86_64-baidu-linux-gnu/4.8.2;/home/opt/gcc-4.8.2.bpkg-r2/gcc-4.8.2.bpkg-r2/lib/gcc;/home/opt/gcc-4.8.2.bpkg-r2/gcc-4.8.2.bpkg-r2/lib64;/home/opt/gcc-4.8.2.bpkg-r2/gcc-4.8.2.bpkg-r2/x86_64-baidu-linux-gnu/sys-root/lib64;/home/opt/gcc-4.8.2.bpkg-r2/gcc-4.8.2.bpkg-r2/x86_64-baidu-linux-gnu/sys-root/usr/lib64;/home/opt/gcc-4.8.2.bpkg-r2/gcc-4.8.2.bpkg-r2/x86_64-baidu-linux-gnu/lib;/home/opt/gcc-4.8.2.bpkg-r2/gcc-4.8.2.bpkg-r2/lib;/home/opt/gcc-4.8.2.bpkg-r2/gcc-4.8.2.bpkg-r2/x86_64-baidu-linux-gnu/sys-root/lib;/home/opt/gcc-4.8.2.bpkg-r2/gcc-4.8.2.bpkg-r2/x86_64-baidu-linux-gnu/sys-root/usr/lib]
  implicit fwks: []




Detecting CXX [-std=c++1y] compiler features compiled with the following output:
Change Dir: /home/disk0/work/ganlu05/source/mini-python/src/struct/CMakeFiles/CMakeTmp

Run Build Command:"/home/work/.jumbo/bin/gmake" "cmTryCompileExec3303061806/fast"
/home/work/.jumbo/bin/gmake -f CMakeFiles/cmTryCompileExec3303061806.dir/build.make CMakeFiles/cmTryCompileExec3303061806.dir/build
gmake[1]: Entering directory `/home/disk0/work/ganlu05/source/mini-python/src/struct/CMakeFiles/CMakeTmp'
/home/work/.jumbo/bin/cmake -E cmake_progress_report /home/disk0/work/ganlu05/source/mini-python/src/struct/CMakeFiles/CMakeTmp/CMakeFiles 1
Building CXX object CMakeFiles/cmTryCompileExec3303061806.dir/feature_tests.cxx.o
/opt/compiler/gcc-4.8.2/bin/g++    -I/home/ssd0/work/ganlu05/kg-compute-seperator//third-64/boost/include -I/home/work/.jumbo/include     -std=c++1y -o CMakeFiles/cmTryCompileExec3303061806.dir/feature_tests.cxx.o -c /home/disk0/work/ganlu05/source/mini-python/src/struct/CMakeFiles/feature_tests.cxx
Linking CXX executable cmTryCompileExec3303061806
/home/work/.jumbo/bin/cmake -E cmake_link_script CMakeFiles/cmTryCompileExec3303061806.dir/link.txt --verbose=1
/opt/compiler/gcc-4.8.2/bin/g++   -I/home/ssd0/work/ganlu05/kg-compute-seperator//third-64/boost/include -I/home/work/.jumbo/include      CMakeFiles/cmTryCompileExec3303061806.dir/feature_tests.cxx.o  -o cmTryCompileExec3303061806 -rdynamic 
gmake[1]: Leaving directory `/home/disk0/work/ganlu05/source/mini-python/src/struct/CMakeFiles/CMakeTmp'


    Feature record: CXX_FEATURE:0cxx_aggregate_default_initializers
    Feature record: CXX_FEATURE:1cxx_alias_templates
    Feature record: CXX_FEATURE:1cxx_alignas
    Feature record: CXX_FEATURE:1cxx_alignof
    Feature record: CXX_FEATURE:1cxx_attributes
    Feature record: CXX_FEATURE:0cxx_attribute_deprecated
    Feature record: CXX_FEATURE:1cxx_auto_type
    Feature record: CXX_FEATURE:0cxx_binary_literals
    Feature record: CXX_FEATURE:1cxx_constexpr
    Feature record: CXX_FEATURE:0cxx_contextual_conversions
    Feature record: CXX_FEATURE:1cxx_decltype
    Feature record: CXX_FEATURE:0cxx_decltype_auto
    Feature record: CXX_FEATURE:1cxx_decltype_incomplete_return_types
    Feature record: CXX_FEATURE:1cxx_default_function_template_args
    Feature record: CXX_FEATURE:1cxx_defaulted_functions
    Feature record: CXX_FEATURE:1cxx_defaulted_move_initializers
    Feature record: CXX_FEATURE:1cxx_delegating_constructors
    Feature record: CXX_FEATURE:1cxx_deleted_functions
    Feature record: CXX_FEATURE:0cxx_digit_separators
    Feature record: CXX_FEATURE:1cxx_enum_forward_declarations
    Feature record: CXX_FEATURE:1cxx_explicit_conversions
    Feature record: CXX_FEATURE:1cxx_extended_friend_declarations
    Feature record: CXX_FEATURE:1cxx_extern_templates
    Feature record: CXX_FEATURE:1cxx_final
    Feature record: CXX_FEATURE:1cxx_func_identifier
    Feature record: CXX_FEATURE:1cxx_generalized_initializers
    Feature record: CXX_FEATURE:0cxx_generic_lambdas
    Feature record: CXX_FEATURE:1cxx_inheriting_constructors
    Feature record: CXX_FEATURE:1cxx_inline_namespaces
    Feature record: CXX_FEATURE:1cxx_lambdas
    Feature record: CXX_FEATURE:0cxx_lambda_init_captures
    Feature record: CXX_FEATURE:1cxx_local_type_template_args
    Feature record: CXX_FEATURE:1cxx_long_long_type
    Feature record: CXX_FEATURE:1cxx_noexcept
    Feature record: CXX_FEATURE:1cxx_nonstatic_member_init
    Feature record: CXX_FEATURE:1cxx_nullptr
    Feature record: CXX_FEATURE:1cxx_override
    Feature record: CXX_FEATURE:1cxx_range_for
    Feature record: CXX_FEATURE:1cxx_raw_string_literals
    Feature record: CXX_FEATURE:1cxx_reference_qualified_functions
    Feature record: CXX_FEATURE:0cxx_relaxed_constexpr
    Feature record: CXX_FEATURE:0cxx_return_type_deduction
    Feature record: CXX_FEATURE:1cxx_right_angle_brackets
    Feature record: CXX_FEATURE:1cxx_rvalue_references
    Feature record: CXX_FEATURE:1cxx_sizeof_member
    Feature record: CXX_FEATURE:1cxx_static_assert
    Feature record: CXX_FEATURE:1cxx_strong_enums
    Feature record: CXX_FEATURE:1cxx_template_template_parameters
    Feature record: CXX_FEATURE:1cxx_thread_local
    Feature record: CXX_FEATURE:1cxx_trailing_return_types
    Feature record: CXX_FEATURE:1cxx_unicode_literals
    Feature record: CXX_FEATURE:1cxx_uniform_initialization
    Feature record: CXX_FEATURE:1cxx_unrestricted_unions
    Feature record: CXX_FEATURE:1cxx_user_literals
    Feature record: CXX_FEATURE:0cxx_variable_templates
    Feature record: CXX_FEATURE:1cxx_variadic_macros
    Feature record: CXX_FEATURE:1cxx_variadic_templates


Detecting CXX [-std=c++11] compiler features compiled with the following output:
Change Dir: /home/disk0/work/ganlu05/source/mini-python/src/struct/CMakeFiles/CMakeTmp

Run Build Command:"/home/work/.jumbo/bin/gmake" "cmTryCompileExec2670857474/fast"
/home/work/.jumbo/bin/gmake -f CMakeFiles/cmTryCompileExec2670857474.dir/build.make CMakeFiles/cmTryCompileExec2670857474.dir/build
gmake[1]: Entering directory `/home/disk0/work/ganlu05/source/mini-python/src/struct/CMakeFiles/CMakeTmp'
/home/work/.jumbo/bin/cmake -E cmake_progress_report /home/disk0/work/ganlu05/source/mini-python/src/struct/CMakeFiles/CMakeTmp/CMakeFiles 1
Building CXX object CMakeFiles/cmTryCompileExec2670857474.dir/feature_tests.cxx.o
/opt/compiler/gcc-4.8.2/bin/g++    -I/home/ssd0/work/ganlu05/kg-compute-seperator//third-64/boost/include -I/home/work/.jumbo/include     -std=c++11 -o CMakeFiles/cmTryCompileExec2670857474.dir/feature_tests.cxx.o -c /home/disk0/work/ganlu05/source/mini-python/src/struct/CMakeFiles/feature_tests.cxx
Linking CXX executable cmTryCompileExec2670857474
/home/work/.jumbo/bin/cmake -E cmake_link_script CMakeFiles/cmTryCompileExec2670857474.dir/link.txt --verbose=1
/opt/compiler/gcc-4.8.2/bin/g++   -I/home/ssd0/work/ganlu05/kg-compute-seperator//third-64/boost/include -I/home/work/.jumbo/include      CMakeFiles/cmTryCompileExec2670857474.dir/feature_tests.cxx.o  -o cmTryCompileExec2670857474 -rdynamic 
gmake[1]: Leaving directory `/home/disk0/work/ganlu05/source/mini-python/src/struct/CMakeFiles/CMakeTmp'


    Feature record: CXX_FEATURE:0cxx_aggregate_default_initializers
    Feature record: CXX_FEATURE:1cxx_alias_templates
    Feature record: CXX_FEATURE:1cxx_alignas
    Feature record: CXX_FEATURE:1cxx_alignof
    Feature record: CXX_FEATURE:1cxx_attributes
    Feature record: CXX_FEATURE:0cxx_attribute_deprecated
    Feature record: CXX_FEATURE:1cxx_auto_type
    Feature record: CXX_FEATURE:0cxx_binary_literals
    Feature record: CXX_FEATURE:1cxx_constexpr
    Feature record: CXX_FEATURE:0cxx_contextual_conversions
    Feature record: CXX_FEATURE:1cxx_decltype
    Feature record: CXX_FEATURE:0cxx_decltype_auto
    Feature record: CXX_FEATURE:1cxx_decltype_incomplete_return_types
    Feature record: CXX_FEATURE:1cxx_default_function_template_args
    Feature record: CXX_FEATURE:1cxx_defaulted_functions
    Feature record: CXX_FEATURE:1cxx_defaulted_move_initializers
    Feature record: CXX_FEATURE:1cxx_delegating_constructors
    Feature record: CXX_FEATURE:1cxx_deleted_functions
    Feature record: CXX_FEATURE:0cxx_digit_separators
    Feature record: CXX_FEATURE:1cxx_enum_forward_declarations
    Feature record: CXX_FEATURE:1cxx_explicit_conversions
    Feature record: CXX_FEATURE:1cxx_extended_friend_declarations
    Feature record: CXX_FEATURE:1cxx_extern_templates
    Feature record: CXX_FEATURE:1cxx_final
    Feature record: CXX_FEATURE:1cxx_func_identifier
    Feature record: CXX_FEATURE:1cxx_generalized_initializers
    Feature record: CXX_FEATURE:0cxx_generic_lambdas
    Feature record: CXX_FEATURE:1cxx_inheriting_constructors
    Feature record: CXX_FEATURE:1cxx_inline_namespaces
    Feature record: CXX_FEATURE:1cxx_lambdas
    Feature record: CXX_FEATURE:0cxx_lambda_init_captures
    Feature record: CXX_FEATURE:1cxx_local_type_template_args
    Feature record: CXX_FEATURE:1cxx_long_long_type
    Feature record: CXX_FEATURE:1cxx_noexcept
    Feature record: CXX_FEATURE:1cxx_nonstatic_member_init
    Feature record: CXX_FEATURE:1cxx_nullptr
    Feature record: CXX_FEATURE:1cxx_override
    Feature record: CXX_FEATURE:1cxx_range_for
    Feature record: CXX_FEATURE:1cxx_raw_string_literals
    Feature record: CXX_FEATURE:1cxx_reference_qualified_functions
    Feature record: CXX_FEATURE:0cxx_relaxed_constexpr
    Feature record: CXX_FEATURE:0cxx_return_type_deduction
    Feature record: CXX_FEATURE:1cxx_right_angle_brackets
    Feature record: CXX_FEATURE:1cxx_rvalue_references
    Feature record: CXX_FEATURE:1cxx_sizeof_member
    Feature record: CXX_FEATURE:1cxx_static_assert
    Feature record: CXX_FEATURE:1cxx_strong_enums
    Feature record: CXX_FEATURE:1cxx_template_template_parameters
    Feature record: CXX_FEATURE:1cxx_thread_local
    Feature record: CXX_FEATURE:1cxx_trailing_return_types
    Feature record: CXX_FEATURE:1cxx_unicode_literals
    Feature record: CXX_FEATURE:1cxx_uniform_initialization
    Feature record: CXX_FEATURE:1cxx_unrestricted_unions
    Feature record: CXX_FEATURE:1cxx_user_literals
    Feature record: CXX_FEATURE:0cxx_variable_templates
    Feature record: CXX_FEATURE:1cxx_variadic_macros
    Feature record: CXX_FEATURE:1cxx_variadic_templates


Detecting CXX [-std=c++98] compiler features compiled with the following output:
Change Dir: /home/disk0/work/ganlu05/source/mini-python/src/struct/CMakeFiles/CMakeTmp

Run Build Command:"/home/work/.jumbo/bin/gmake" "cmTryCompileExec2166004274/fast"
/home/work/.jumbo/bin/gmake -f CMakeFiles/cmTryCompileExec2166004274.dir/build.make CMakeFiles/cmTryCompileExec2166004274.dir/build
gmake[1]: Entering directory `/home/disk0/work/ganlu05/source/mini-python/src/struct/CMakeFiles/CMakeTmp'
/home/work/.jumbo/bin/cmake -E cmake_progress_report /home/disk0/work/ganlu05/source/mini-python/src/struct/CMakeFiles/CMakeTmp/CMakeFiles 1
Building CXX object CMakeFiles/cmTryCompileExec2166004274.dir/feature_tests.cxx.o
/opt/compiler/gcc-4.8.2/bin/g++    -I/home/ssd0/work/ganlu05/kg-compute-seperator//third-64/boost/include -I/home/work/.jumbo/include     -std=c++98 -o CMakeFiles/cmTryCompileExec2166004274.dir/feature_tests.cxx.o -c /home/disk0/work/ganlu05/source/mini-python/src/struct/CMakeFiles/feature_tests.cxx
Linking CXX executable cmTryCompileExec2166004274
/home/work/.jumbo/bin/cmake -E cmake_link_script CMakeFiles/cmTryCompileExec2166004274.dir/link.txt --verbose=1
/opt/compiler/gcc-4.8.2/bin/g++   -I/home/ssd0/work/ganlu05/kg-compute-seperator//third-64/boost/include -I/home/work/.jumbo/include      CMakeFiles/cmTryCompileExec2166004274.dir/feature_tests.cxx.o  -o cmTryCompileExec2166004274 -rdynamic 
gmake[1]: Leaving directory `/home/disk0/work/ganlu05/source/mini-python/src/struct/CMakeFiles/CMakeTmp'


    Feature record: CXX_FEATURE:0cxx_aggregate_default_initializers
    Feature record: CXX_FEATURE:0cxx_alias_templates
    Feature record: CXX_FEATURE:0cxx_alignas
    Feature record: CXX_FEATURE:0cxx_alignof
    Feature record: CXX_FEATURE:0cxx_attributes
    Feature record: CXX_FEATURE:0cxx_attribute_deprecated
    Feature record: CXX_FEATURE:0cxx_auto_type
    Feature record: CXX_FEATURE:0cxx_binary_literals
    Feature record: CXX_FEATURE:0cxx_constexpr
    Feature record: CXX_FEATURE:0cxx_contextual_conversions
    Feature record: CXX_FEATURE:0cxx_decltype
    Feature record: CXX_FEATURE:0cxx_decltype_auto
    Feature record: CXX_FEATURE:0cxx_decltype_incomplete_return_types
    Feature record: CXX_FEATURE:0cxx_default_function_template_args
    Feature record: CXX_FEATURE:0cxx_defaulted_functions
    Feature record: CXX_FEATURE:0cxx_defaulted_move_initializers
    Feature record: CXX_FEATURE:0cxx_delegating_constructors
    Feature record: CXX_FEATURE:0cxx_deleted_functions
    Feature record: CXX_FEATURE:0cxx_digit_separators
    Feature record: CXX_FEATURE:0cxx_enum_forward_declarations
    Feature record: CXX_FEATURE:0cxx_explicit_conversions
    Feature record: CXX_FEATURE:0cxx_extended_friend_declarations
    Feature record: CXX_FEATURE:0cxx_extern_templates
    Feature record: CXX_FEATURE:0cxx_final
    Feature record: CXX_FEATURE:0cxx_func_identifier
    Feature record: CXX_FEATURE:0cxx_generalized_initializers
    Feature record: CXX_FEATURE:0cxx_generic_lambdas
    Feature record: CXX_FEATURE:0cxx_inheriting_constructors
    Feature record: CXX_FEATURE:0cxx_inline_namespaces
    Feature record: CXX_FEATURE:0cxx_lambdas
    Feature record: CXX_FEATURE:0cxx_lambda_init_captures
    Feature record: CXX_FEATURE:0cxx_local_type_template_args
    Feature record: CXX_FEATURE:0cxx_long_long_type
    Feature record: CXX_FEATURE:0cxx_noexcept
    Feature record: CXX_FEATURE:0cxx_nonstatic_member_init
    Feature record: CXX_FEATURE:0cxx_nullptr
    Feature record: CXX_FEATURE:0cxx_override
    Feature record: CXX_FEATURE:0cxx_range_for
    Feature record: CXX_FEATURE:0cxx_raw_string_literals
    Feature record: CXX_FEATURE:0cxx_reference_qualified_functions
    Feature record: CXX_FEATURE:0cxx_relaxed_constexpr
    Feature record: CXX_FEATURE:0cxx_return_type_deduction
    Feature record: CXX_FEATURE:0cxx_right_angle_brackets
    Feature record: CXX_FEATURE:0cxx_rvalue_references
    Feature record: CXX_FEATURE:0cxx_sizeof_member
    Feature record: CXX_FEATURE:0cxx_static_assert
    Feature record: CXX_FEATURE:0cxx_strong_enums
    Feature record: CXX_FEATURE:1cxx_template_template_parameters
    Feature record: CXX_FEATURE:0cxx_thread_local
    Feature record: CXX_FEATURE:0cxx_trailing_return_types
    Feature record: CXX_FEATURE:0cxx_unicode_literals
    Feature record: CXX_FEATURE:0cxx_uniform_initialization
    Feature record: CXX_FEATURE:0cxx_unrestricted_unions
    Feature record: CXX_FEATURE:0cxx_user_literals
    Feature record: CXX_FEATURE:0cxx_variable_templates
    Feature record: CXX_FEATURE:0cxx_variadic_macros
    Feature record: CXX_FEATURE:0cxx_variadic_templates
